[2022-08-20 13:38:05] INFO: Starting Flye 2.8.1-b1676
[2022-08-20 13:38:05] INFO: >>>STAGE: configure
[2022-08-20 13:38:05] INFO: Configuring run
[2022-08-20 13:38:05] INFO: Total read length: 328258
[2022-08-20 13:38:05] INFO: Input genome size: 100000
[2022-08-20 13:38:05] INFO: Estimated coverage: 3
[2022-08-20 13:38:05] WARNING: Expected read coverage is 3, the assembly is not guaranteed to be optimal in this setting. Are you sure that the genome size was entered correctly?
[2022-08-20 13:38:05] INFO: Reads N50/N90: 7219 / 3226
[2022-08-20 13:38:05] INFO: Minimum overlap set to 3000
[2022-08-20 13:38:05] INFO: >>>STAGE: assembly
[2022-08-20 13:38:05] INFO: Assembling disjointigs
[2022-08-20 13:38:05] INFO: Reading sequences
[2022-08-20 13:38:08] INFO: Counting k-mers:
0% 10% 20% 30% 40% 50% 60% 70% 80% 90% 100% 
[2022-08-20 13:39:03] INFO: Filling index table (1/2)
0% 10% 20% 30% 40% 50% 60% 70% 80% 90% 100% 
[2022-08-20 13:39:03] INFO: Filling index table (2/2)
0% 10% 20% 30% 40% 50% 60% 70% 80% 90% 100% 
[2022-08-20 13:39:04] INFO: Extending reads
[2022-08-20 13:39:04] INFO: Overlap-based coverage: 2
[2022-08-20 13:39:04] INFO: Median overlap divergence: 0.0487536
0% 80% 100% 
[2022-08-20 13:39:04] INFO: Assembled 1 disjointigs
[2022-08-20 13:39:04] INFO: Generating sequence
0% 20% 40% 60% 80% 100% 
[2022-08-20 13:39:04] INFO: >>>STAGE: consensus
[2022-08-20 13:39:04] INFO: Running Minimap2
[2022-08-20 13:39:04] INFO: Computing consensus
[2022-08-20 13:39:04] INFO: Alignment error rate: 0.067628
[2022-08-20 13:39:04] INFO: >>>STAGE: repeat
[2022-08-20 13:39:04] INFO: Building and resolving repeat graph
[2022-08-20 13:39:04] INFO: Parsing disjointigs
[2022-08-20 13:39:04] INFO: Building repeat graph
0% 100% 
[2022-08-20 13:39:05] INFO: Median overlap divergence: 0
[2022-08-20 13:39:05] INFO: Parsing reads
[2022-08-20 13:39:05] INFO: Aligning reads to the graph
0% 10% 20% 30% 40% 50% 60% 70% 80% 90% 100% 
[2022-08-20 13:39:05] INFO: Aligned read sequence: 137695 / 296371 (0.464603)
[2022-08-20 13:39:05] INFO: Median overlap divergence: 0.0205703
[2022-08-20 13:39:05] INFO: Mean edge coverage: 3
[2022-08-20 13:39:05] INFO: Simplifying the graph
[2022-08-20 13:39:05] INFO: >>>STAGE: contigger
[2022-08-20 13:39:05] INFO: Generating contigs
[2022-08-20 13:39:05] INFO: Reading sequences
[2022-08-20 13:39:05] INFO: Generated 1 contigs
[2022-08-20 13:39:05] INFO: Added 0 scaffold connections
[2022-08-20 13:39:05] INFO: >>>STAGE: polishing
[2022-08-20 13:39:05] INFO: Polishing genome (1/1)
[2022-08-20 13:39:05] INFO: Running minimap2
[2022-08-20 13:39:05] INFO: Separating alignment into bubbles
[2022-08-20 13:39:05] INFO: Alignment error rate: 0.040579
[2022-08-20 13:39:05] INFO: Correcting bubbles
0% 10% 20% 30% 40% 50% 60% 70% 80% 90% 100% 
[2022-08-20 13:39:06] INFO: >>>STAGE: finalize
[2022-08-20 13:39:06] INFO: Assembly statistics:

	Total length:	42679
	Fragments:	1
	Fragments N50:	42679
	Largest frg:	42679
	Scaffolds:	0
	Mean coverage:	3

[2022-08-20 13:39:06] INFO: Final assembly: /stor/azolla_metagenome/nostoc_pangenome/data/nanopore_assembly/mitochondrium/Azfil_lab/assembly.fasta
