[2022-08-19 15:45:52] INFO: Starting Flye 2.8.1-b1676
[2022-08-19 15:45:52] INFO: >>>STAGE: configure
[2022-08-19 15:45:52] INFO: Configuring run
[2022-08-19 15:45:52] INFO: Total read length: 2511200
[2022-08-19 15:45:52] INFO: Input genome size: 1000000
[2022-08-19 15:45:52] INFO: Estimated coverage: 2
[2022-08-19 15:45:52] WARNING: Expected read coverage is 2, the assembly is not guaranteed to be optimal in this setting. Are you sure that the genome size was entered correctly?
[2022-08-19 15:45:52] INFO: Reads N50/N90: 7295 / 1651
[2022-08-19 15:45:52] INFO: Minimum overlap set to 2000
[2022-08-19 15:45:52] INFO: >>>STAGE: assembly
[2022-08-19 15:45:52] INFO: Assembling disjointigs
[2022-08-19 15:45:52] INFO: Reading sequences
[2022-08-19 15:45:55] INFO: Counting k-mers:
0% 10% 20% 30% 40% 50% 60% 70% 80% 90% 100% 
[2022-08-19 15:46:50] INFO: Filling index table (1/2)
0% 10% 20% 30% 40% 50% 60% 70% 80% 90% 100% 
[2022-08-19 15:46:51] INFO: Filling index table (2/2)
0% 10% 20% 30% 40% 50% 60% 70% 80% 90% 100% 
[2022-08-19 15:46:53] INFO: Extending reads
[2022-08-19 15:46:57] INFO: Overlap-based coverage: 11
[2022-08-19 15:46:57] INFO: Median overlap divergence: 0.0565913
0% 50% 70% 80% 100% 
[2022-08-19 15:46:57] INFO: Assembled 3 disjointigs
[2022-08-19 15:46:57] INFO: Generating sequence
0% 10% 20% 30% 40% 50% 60% 70% 80% 90% 100% 
[2022-08-19 15:46:57] INFO: >>>STAGE: consensus
[2022-08-19 15:46:57] INFO: Running Minimap2
[2022-08-19 15:46:58] INFO: Computing consensus
[2022-08-19 15:47:00] INFO: Alignment error rate: 0.062981
[2022-08-19 15:47:00] INFO: >>>STAGE: repeat
[2022-08-19 15:47:00] INFO: Building and resolving repeat graph
[2022-08-19 15:47:00] INFO: Parsing disjointigs
[2022-08-19 15:47:00] INFO: Building repeat graph
0% 30% 60% 100% 
[2022-08-19 15:47:00] INFO: Median overlap divergence: 0.00343501
[2022-08-19 15:47:00] INFO: Parsing reads
[2022-08-19 15:47:00] INFO: Aligning reads to the graph
0% 10% 20% 30% 40% 50% 60% 70% 80% 90% 100% 
[2022-08-19 15:47:01] INFO: Aligned read sequence: 1624011 / 2168198 (0.749014)
[2022-08-19 15:47:01] INFO: Median overlap divergence: 0.0208735
[2022-08-19 15:47:01] INFO: Mean edge coverage: 14
[2022-08-19 15:47:01] INFO: Simplifying the graph
[2022-08-19 15:47:01] INFO: >>>STAGE: contigger
[2022-08-19 15:47:01] INFO: Generating contigs
[2022-08-19 15:47:01] INFO: Reading sequences
[2022-08-19 15:47:01] INFO: Generated 7 contigs
[2022-08-19 15:47:01] INFO: Added 0 scaffold connections
[2022-08-19 15:47:01] INFO: >>>STAGE: polishing
[2022-08-19 15:47:01] INFO: Polishing genome (1/1)
[2022-08-19 15:47:01] INFO: Running minimap2
[2022-08-19 15:47:01] INFO: Separating alignment into bubbles
[2022-08-19 15:47:02] INFO: Alignment error rate: 0.046488
[2022-08-19 15:47:02] INFO: Correcting bubbles
0% 10% 20% 30% 40% 50% 60% 70% 80% 90% 100% 
[2022-08-19 15:47:10] INFO: >>>STAGE: finalize
[2022-08-19 15:47:10] INFO: Assembly statistics:

	Total length:	148751
	Fragments:	7
	Fragments N50:	38538
	Largest frg:	63299
	Scaffolds:	0
	Mean coverage:	14

[2022-08-19 15:47:10] INFO: Final assembly: /stor/azolla_metagenome/nostoc_pangenome/data/nanopore_assembly/mitochondrium/Azpinnata/assembly.fasta
