[2022-08-20 13:31:15] INFO: Starting Flye 2.8.1-b1676
[2022-08-20 13:31:15] INFO: >>>STAGE: configure
[2022-08-20 13:31:15] INFO: Configuring run
[2022-08-20 13:31:16] INFO: Total read length: 27182801
[2022-08-20 13:31:16] INFO: Input genome size: 150000
[2022-08-20 13:31:16] INFO: Estimated coverage: 181
[2022-08-20 13:31:16] INFO: Reads N50/N90: 2961 / 685
[2022-08-20 13:31:16] INFO: Minimum overlap set to 1000
[2022-08-20 13:31:16] INFO: Using longest 50x reads for contig assembly
[2022-08-20 13:31:16] INFO: >>>STAGE: assembly
[2022-08-20 13:31:16] INFO: Assembling disjointigs
[2022-08-20 13:31:16] INFO: Reading sequences
[2022-08-20 13:31:19] INFO: Counting k-mers:
0% 10% 20% 30% 40% 50% 60% 70% 80% 90% 100% 
[2022-08-20 13:32:15] INFO: Filling index table (1/2)
0% 10% 20% 30% 40% 50% 60% 70% 80% 90% 100% 
[2022-08-20 13:32:15] INFO: Filling index table (2/2)
0% 10% 20% 30% 40% 50% 60% 70% 80% 90% 100% 
[2022-08-20 13:32:22] INFO: Extending reads
[2022-08-20 13:33:03] INFO: Overlap-based coverage: 40
[2022-08-20 13:33:03] INFO: Median overlap divergence: 0.0571164
0% 90% 100% 
[2022-08-20 13:33:05] INFO: Assembled 1 disjointigs
[2022-08-20 13:33:05] INFO: Generating sequence
0% 10% 20% 30% 40% 50% 60% 70% 80% 90% 100% 
[2022-08-20 13:33:05] INFO: >>>STAGE: consensus
[2022-08-20 13:33:05] INFO: Running Minimap2
[2022-08-20 13:33:09] INFO: Computing consensus
[2022-08-20 13:33:31] INFO: Alignment error rate: 0.072920
[2022-08-20 13:33:31] INFO: >>>STAGE: repeat
[2022-08-20 13:33:31] INFO: Building and resolving repeat graph
[2022-08-20 13:33:31] INFO: Parsing disjointigs
[2022-08-20 13:33:31] INFO: Building repeat graph
0% 100% 
[2022-08-20 13:33:31] INFO: Median overlap divergence: 0.00130173
[2022-08-20 13:33:31] INFO: Parsing reads
[2022-08-20 13:33:31] INFO: Aligning reads to the graph
0% 10% 20% 30% 40% 50% 60% 70% 80% 90% 100% 
[2022-08-20 13:33:33] INFO: Aligned read sequence: 18674851 / 22475506 (0.830898)
[2022-08-20 13:33:33] INFO: Median overlap divergence: 0.0198506
[2022-08-20 13:33:33] INFO: Mean edge coverage: 143
[2022-08-20 13:33:33] INFO: Simplifying the graph
[2022-08-20 13:33:33] INFO: >>>STAGE: contigger
[2022-08-20 13:33:33] INFO: Generating contigs
[2022-08-20 13:33:33] INFO: Reading sequences
[2022-08-20 13:33:33] INFO: Generated 1 contigs
[2022-08-20 13:33:33] INFO: Added 0 scaffold connections
[2022-08-20 13:33:33] INFO: >>>STAGE: polishing
[2022-08-20 13:33:33] INFO: Polishing genome (1/1)
[2022-08-20 13:33:33] INFO: Running minimap2
[2022-08-20 13:33:36] INFO: Separating alignment into bubbles
[2022-08-20 13:33:58] INFO: Alignment error rate: 0.039452
[2022-08-20 13:33:58] INFO: Correcting bubbles
0% 10% 20% 30% 40% 50% 60% 70% 80% 90% 100% 
[2022-08-20 13:33:59] INFO: >>>STAGE: finalize
[2022-08-20 13:33:59] INFO: Assembly statistics:

	Total length:	147257
	Fragments:	1
	Fragments N50:	147257
	Largest frg:	147257
	Scaffolds:	0
	Mean coverage:	85

[2022-08-20 13:33:59] INFO: Final assembly: /stor/azolla_metagenome/nostoc_pangenome/data/nanopore_assembly/chloroplast/Azsp_bordeaux/assembly.fasta
