[2022-08-20 13:37:00] INFO: Starting Flye 2.8.1-b1676
[2022-08-20 13:37:00] INFO: >>>STAGE: configure
[2022-08-20 13:37:00] INFO: Configuring run
[2022-08-20 13:37:00] INFO: Total read length: 806751
[2022-08-20 13:37:00] INFO: Input genome size: 100000
[2022-08-20 13:37:00] INFO: Estimated coverage: 8
[2022-08-20 13:37:00] INFO: Reads N50/N90: 4079 / 1406
[2022-08-20 13:37:00] INFO: Minimum overlap set to 1000
[2022-08-20 13:37:00] INFO: >>>STAGE: assembly
[2022-08-20 13:37:00] INFO: Assembling disjointigs
[2022-08-20 13:37:00] INFO: Reading sequences
[2022-08-20 13:37:03] INFO: Counting k-mers:
0% 10% 20% 30% 40% 50% 60% 70% 80% 90% 100% 
[2022-08-20 13:37:58] INFO: Filling index table (1/2)
0% 10% 20% 30% 40% 50% 60% 70% 80% 90% 100% 
[2022-08-20 13:37:58] INFO: Filling index table (2/2)
0% 10% 20% 30% 40% 50% 60% 70% 80% 90% 100% 
[2022-08-20 13:37:59] INFO: Extending reads
[2022-08-20 13:38:00] INFO: Overlap-based coverage: 5
[2022-08-20 13:38:00] INFO: Median overlap divergence: 0.0561289
0% 50% 70% 100% 
[2022-08-20 13:38:00] INFO: Assembled 2 disjointigs
[2022-08-20 13:38:00] INFO: Generating sequence
0% 10% 20% 30% 40% 50% 60% 70% % 80% % 90% 100% 
[2022-08-20 13:38:00] INFO: >>>STAGE: consensus
[2022-08-20 13:38:00] INFO: Running Minimap2
[2022-08-20 13:38:00] INFO: Computing consensus
[2022-08-20 13:38:01] INFO: Alignment error rate: 0.092668
[2022-08-20 13:38:01] INFO: >>>STAGE: repeat
[2022-08-20 13:38:01] INFO: Building and resolving repeat graph
[2022-08-20 13:38:01] INFO: Parsing disjointigs
[2022-08-20 13:38:01] INFO: Building repeat graph
0% 50% 100% 
[2022-08-20 13:38:01] INFO: Median overlap divergence: 0.0198279
[2022-08-20 13:38:01] INFO: Parsing reads
[2022-08-20 13:38:01] INFO: Aligning reads to the graph
0% 10% 20% 30% 40% 50% 60% 70% 80% 90% 100% 
[2022-08-20 13:38:02] INFO: Aligned read sequence: 455097 / 765394 (0.594592)
[2022-08-20 13:38:02] INFO: Median overlap divergence: 0.0231403
[2022-08-20 13:38:02] INFO: Mean edge coverage: 7
[2022-08-20 13:38:02] INFO: Simplifying the graph
[2022-08-20 13:38:02] INFO: >>>STAGE: contigger
[2022-08-20 13:38:02] INFO: Generating contigs
[2022-08-20 13:38:02] INFO: Reading sequences
[2022-08-20 13:38:02] INFO: Generated 2 contigs
[2022-08-20 13:38:02] INFO: Added 0 scaffold connections
[2022-08-20 13:38:02] INFO: >>>STAGE: polishing
[2022-08-20 13:38:02] INFO: Polishing genome (1/1)
[2022-08-20 13:38:02] INFO: Running minimap2
[2022-08-20 13:38:02] INFO: Separating alignment into bubbles
[2022-08-20 13:38:02] INFO: Alignment error rate: 0.054714
[2022-08-20 13:38:02] INFO: Correcting bubbles
0% 10% 20% 30% 40% 50% 60% 70% 80% 90% 100% 
[2022-08-20 13:38:03] INFO: >>>STAGE: finalize
[2022-08-20 13:38:03] INFO: Assembly statistics:

	Total length:	58176
	Fragments:	2
	Fragments N50:	42026
	Largest frg:	42026
	Scaffolds:	0
	Mean coverage:	8

[2022-08-20 13:38:03] INFO: Final assembly: /stor/azolla_metagenome/nostoc_pangenome/data/nanopore_assembly/mitochondrium/Azsp_bordeaux/assembly.fasta
