                                                phylogenomic_core.
                                                               COG20_PATHWAY, KEGG_Module, KEGG_Class
Num genomes in storage ......................................: 12
Num genomes will be used ....................................: 12
Pan DB ......................................................: Initialized:
                                                               data/anvio_pangenomes/Nazollae/Nazollae_mcl7-PAN.db
                                                               (v. 15)
Gene cluster homogeneity estimates ..........................: Functional: [YES]; Geometric: [YES]; Combined:
                                                               [YES]
* A short announcement for the curious: anvi'o found 7193 gene clusters in the
database, attempted to initialize a gene clusters dictionary for 29 of them as
requested by the user or the programmer, and managed to get back a gene clusters
dictionary with 29 items. We just hope all these make sense to you.

GENE CLUSTER FILTERS
==============================================================
Based on --min-num-genomes-gene-cluster-occurs 0, --max-num-genomes-gene-
cluster-occurs 12, --min-num-genes-from-each-genome 0, --max-num-genes-from-
each-genome 12, --min-functional-homogeneity-index -1.000, --max-functional-
homogeneity-index 1.000, --min-geometric-homogeneity-index -1.000, --max-
geometric-homogeneity-index 1.000, --min-combined-homogeneity-index -1.000,
--max-combined-homogeneity-index 1.000 (some of these may be default values, no
need to panic).

All gene clusters (29) ......................................: GC_00001783, GC_00002045, GC_00001862, (... 26
                                                               more (`--debug` will show all))
Gene clusters that passed the filter (29) ...................: GC_00001783, GC_00002045, GC_00001862, (... 26
                                                               more (`--debug` will show all))
Genes clusters that failed the filter (0) ...................: None.


INFO
===============================================
Your filters resulted in 29 gene clusters that contain a total of 348 genes. for
downstream analyses. Just so you know.


* Your partition file is ready. Please do not forget to replace placeholders for
model names ('[MODEL]') in this file with appropriate model names prior to your
phylogenomic analysis.

Sequence type ...............................................: Amino acid
Output file for phylogenomics ...............................: data/anvio_pangenomes/Nazollae_mcl7_phylogenomic_core.fasta
